<?xml version="1.0" encoding="utf-8"?><testsuites name="pytest tests"><testsuite name="pytest" errors="0" failures="0" skipped="0" tests="49" time="8.153" timestamp="2026-06-17T12:30:59.781013+00:00" hostname="agent-env-03d65f2e-8a6e-44c9-a22d-8f08b4c1f553"><testcase classname="backend.tests.test_robotics_hub.TestAuth" name="test_root" time="0.202" /><testcase classname="backend.tests.test_robotics_hub.TestAuth" name="test_owner_login" time="0.459" /><testcase classname="backend.tests.test_robotics_hub.TestAuth" name="test_register_with_owner_email_blocked" time="0.109" /><testcase classname="backend.tests.test_robotics_hub.TestAuth" name="test_register_owner_role_blocked" time="0.093" /><testcase classname="backend.tests.test_robotics_hub.TestAuth" name="test_login_wrong_password" time="0.352" /><testcase classname="backend.tests.test_robotics_hub.TestAuth" name="test_member_register_and_me" time="0.436" /><testcase classname="backend.tests.test_robotics_hub.TestAuth" name="test_mentor_register_and_me" time="0.435" /><testcase classname="backend.tests.test_robotics_hub.TestAuth" name="test_no_token_unauthorized" time="0.102" /><testcase classname="backend.tests.test_robotics_hub.TestChannels" name="test_member_sees_members_only" time="0.135" /><testcase classname="backend.tests.test_robotics_hub.TestChannels" name="test_owner_sees_members_only" time="0.100" /><testcase classname="backend.tests.test_robotics_hub.TestChannels" name="test_mentor_does_not_see_members_only" time="0.110" /><testcase classname="backend.tests.test_robotics_hub.TestChannels" name="test_mentor_forbidden_members_only_messages" time="0.105" /><testcase classname="backend.tests.test_robotics_hub.TestChannels" name="test_member_post_and_get_messages" time="0.216" /><testcase classname="backend.tests.test_robotics_hub.TestChannels" name="test_unknown_channel_404" time="0.101" /><testcase classname="backend.tests.test_robotics_hub.TestFiles" name="test_upload_image_and_list" time="0.382" /><testcase classname="backend.tests.test_robotics_hub.TestFiles" name="test_upload_code_file" time="0.222" /><testcase classname="backend.tests.test_robotics_hub.TestFiles" name="test_upload_zip_file" time="0.233" /><testcase classname="backend.tests.test_robotics_hub.TestFiles" name="test_download_with_bearer" time="0.204" /><testcase classname="backend.tests.test_robotics_hub.TestFiles" name="test_download_with_query_auth" time="0.204" /><testcase classname="backend.tests.test_robotics_hub.TestFiles" name="test_download_without_auth" time="0.099" /><testcase classname="backend.tests.test_robotics_hub.TestFiles" name="test_member_cannot_delete_other_file" time="0.091" /><testcase classname="backend.tests.test_robotics_hub.TestFiles" name="test_owner_can_delete_any" time="0.105" /><testcase classname="backend.tests.test_robotics_hub.TestFiles" name="test_uploader_can_delete_own" time="0.096" /><testcase classname="backend.tests.test_robotics_hub.TestChatAttachment" name="test_send_message_with_attachment" time="0.329" /><testcase classname="backend.tests.test_robotics_hub.TestEvents" name="test_member_cannot_create_event" time="0.110" /><testcase classname="backend.tests.test_robotics_hub.TestEvents" name="test_owner_creates_event" time="0.124" /><testcase classname="backend.tests.test_robotics_hub.TestEvents" name="test_mentor_can_create_event" time="0.093" /><testcase classname="backend.tests.test_robotics_hub.TestEvents" name="test_list_events" time="0.097" /><testcase classname="backend.tests.test_robotics_hub.TestEvents" name="test_update_event" time="0.097" /><testcase classname="backend.tests.test_robotics_hub.TestEvents" name="test_delete_event" time="0.220" /><testcase classname="backend.tests.test_robotics_hub.TestTeam" name="test_member_forbidden_list_users" time="0.111" /><testcase classname="backend.tests.test_robotics_hub.TestTeam" name="test_mentor_forbidden_list_users" time="0.098" /><testcase classname="backend.tests.test_robotics_hub.TestTeam" name="test_owner_lists_users" time="0.095" /><testcase classname="backend.tests.test_robotics_hub.TestTeam" name="test_owner_changes_role" time="0.195" /><testcase classname="backend.tests.test_robotics_hub.TestTeam" name="test_cannot_set_owner_role" time="0.095" /><testcase classname="backend.tests.test_robotics_hub.TestTeam" name="test_cannot_change_owners_role" time="0.093" /><testcase classname="backend.tests.test_robotics_hub.TestSettings" name="test_update_settings_persists" time="0.229" /><testcase classname="backend.tests.test_robotics_hub.TestDashboard" name="test_dashboard_basics" time="0.096" /><testcase classname="backend.tests.test_robotics_hub.TestWebPush" name="test_public_key" time="0.144" /><testcase classname="backend.tests.test_robotics_hub.TestWebPush" name="test_subscribe" time="0.118" /><testcase classname="backend.tests.test_robotics_hub.TestWebPush" name="test_status_subscribed" time="0.100" /><testcase classname="backend.tests.test_robotics_hub.TestWebPush" name="test_unsubscribe" time="0.199" /><testcase classname="backend.tests.test_robotics_hub.TestPostMessageWithNotifications" name="test_post_vex_programming" time="0.095" /><testcase classname="backend.tests.test_robotics_hub.TestPostMessageWithNotifications" name="test_post_members_only_as_member" time="0.123" /><testcase classname="backend.tests.test_robotics_hub.TestSettingsCarrier" name="test_me_has_carrier_field" time="0.089" /><testcase classname="backend.tests.test_robotics_hub.TestSettingsCarrier" name="test_update_carrier_persists" time="0.186" /><testcase classname="backend.tests.test_robotics_hub.TestDigest" name="test_member_forbidden" time="0.112" /><testcase classname="backend.tests.test_robotics_hub.TestDigest" name="test_mentor_forbidden" time="0.093" /><testcase classname="backend.tests.test_robotics_hub.TestDigest" name="test_owner_ok" time="0.098" /></testsuite></testsuites>